<?xml version="1.0" encoding="UTF-8"?>
<testsuite xmlns:xsi="http://www.w3.org/2001/XMLSchema-instance" xsi:schemaLocation="https://maven.apache.org/surefire/maven-surefire-plugin/xsd/surefire-test-report.xsd" name="runner.TestRunner" time="10.303" tests="47" errors="0" skipped="0" failures="0">
  <properties>
[...]
</properties>
  <testcase name="provide valid endpoint to delete the user" classname="reqres delet api to delete the user scenario" time="0.49"/>
  <testcase name="I send the request to the server to delete the user" classname="reqres delet api to delete the user scenario" time="2.096"/>
  <testcase name="I validate the delete user response status code" classname="reqres delet api to delete the user scenario" time="0.006"/>
  <testcase name="reqres delet api to delete the user scenario" classname="reqres delet api to delete the user scenario" time="0.015"/>
  <testcase name="provide valid endpoint to fetch all users" classname="Get Api to list all the users" time="0.001"/>
  <testcase name="send the request to the server" classname="Get Api to list all the users" time="0.194"/>
  <testcase name="I validate the response statuscode 200" classname="Get Api to list all the users" time="0.001"/>
  <testcase name="Get Api to list all the users" classname="Get Api to list all the users" time="0.002"/>
  <testcase name="provide valid endpoint to fetch all users" classname="getApi to search with different page numbers using scenario outline #1" time="0"/>
  <testcase name="send the request to the server with page number as 1" classname="getApi to search with different page numbers using scenario outline #1" time="0.151"/>
  <testcase name="I verify the response statusCode 200" classname="getApi to search with different page numbers using scenario outline #1" time="0"/>
  <testcase name="I verify the first user record having email as &quot;george.bluth@reqres.in&quot;" classname="getApi to search with different page numbers using scenario outline #1" time="1.043"/>
  <testcase name="getApi to search with different page numbers using scenario outline #1" classname="getApi to search with different page numbers using scenario outline #1" time="1.044"/>
  <testcase name="provide valid endpoint to fetch all users" classname="getApi to search with different page numbers using scenario outline #2" time="0"/>
  <testcase name="send the request to the server with page number as 2" classname="getApi to search with different page numbers using scenario outline #2" time="0.134"/>
  <testcase name="I verify the response statusCode 200" classname="getApi to search with different page numbers using scenario outline #2" time="0"/>
  <testcase name="I verify the first user record having email as &quot;michael.lawson@reqres.in&quot;" classname="getApi to search with different page numbers using scenario outline #2" time="0.029"/>
  <testcase name="getApi to search with different page numbers using scenario outline #2" classname="getApi to search with different page numbers using scenario outline #2" time="0.029"/>
  <testcase name="provide valid endpoint to fetch single user" classname="Get Api to list single user" time="0.001"/>
  <testcase name="send the request to the server to fetch single user" classname="Get Api to list single user" time="0.125"/>
  <testcase name="I validate the single user response statuscode 200" classname="Get Api to list single user" time="0"/>
  <testcase name="I verify the response body fields" classname="Get Api to list single user" time="0.077"/>
  <testcase name="Get Api to list single user" classname="Get Api to list single user" time="0.079"/>
  <testcase name="provide valid endpoint to fetch single user not found" classname="Get Api for single user not found" time="0.001"/>
  <testcase name="send the request to the server to fetch single user not found" classname="Get Api for single user not found" time="0.436"/>
  <testcase name="I validate the single user not found response statuscode" classname="Get Api for single user not found" time="0"/>
  <testcase name="Get Api for single user not found" classname="Get Api for single user not found" time="0.001"/>
  <testcase name="provide valid endpoint to create user" classname="reqres post api to create user scenario" time="0.003"/>
  <testcase name="I send the request to the server with requestbody" classname="reqres post api to create user scenario" time="0.444"/>
  <testcase name="I validate the create user response status code" classname="reqres post api to create user scenario" time="0"/>
  <testcase name="validate the create user response body fields" classname="reqres post api to create user scenario" time="0.03"/>
  <testcase name="reqres post api to create user scenario" classname="reqres post api to create user scenario" time="0.03"/>
  <testcase name="provide valid endpoint to create user" classname="reqres post api to create more users #1" time="0.002"/>
  <testcase name="I send the request to the server with requestbody as &quot;morpheus&quot; and &quot;leader&quot;" classname="reqres post api to create more users #1" time="0.431"/>
  <testcase name="I validate the create user response status code" classname="reqres post api to create more users #1" time="0"/>
  <testcase name="validate the create user response body fields" classname="reqres post api to create more users #1" time="0.027"/>
  <testcase name="reqres post api to create more users #1" classname="reqres post api to create more users #1" time="0.028"/>
  <testcase name="provide valid endpoint to create user" classname="reqres post api to create more users #2" time="0.001"/>
  <testcase name="I send the request to the server with requestbody as &quot;Ramesh Ch&quot; and &quot;Automation Test Lead&quot;" classname="reqres post api to create more users #2" time="0.429"/>
  <testcase name="I validate the create user response status code" classname="reqres post api to create more users #2" time="0.001"/>
  <testcase name="validate the create user response body fields" classname="reqres post api to create more users #2" time="0.02"/>
  <testcase name="reqres post api to create more users #2" classname="reqres post api to create more users #2" time="0.022"/>
  <testcase name="provide valid endpoint to update the user" classname="reqres post api to update user scenario" time="0.001"/>
  <testcase name="I send the request to the server with requestbody to update user" classname="reqres post api to update user scenario" time="0.432"/>
  <testcase name="I validate the update user response status code" classname="reqres post api to update user scenario" time="0.001"/>
  <testcase name="validate the update user response body fields" classname="reqres post api to update user scenario" time="0.026"/>
  <testcase name="reqres post api to update user scenario" classname="reqres post api to update user scenario" time="0.027"/>
</testsuite>